# JRE version: Java(TM) SE Runtime Environment (17.0.4+11) (build 17.0.4+11-LTS-179)
# Java VM: Java HotSpot(TM) 64-Bit Server VM (17.0.4+11-LTS-179, mixed mode, sharing, tiered, compressed oops, compressed class ptrs, g1 gc, windows-amd64)
GC Precious Log:
 CPUs: 16 total, 16 available
 Memory: 15789M
 Large Page Support: Disabled
 NUMA Support: Disabled
 Compressed Oops: Enabled (Zero based)
 Heap Region Size: 2M
 Heap Min Capacity: 8M
 Heap Initial Capacity: 248M
 Heap Max Capacity: 3948M
 Pre-touch: Disabled
 Parallel Workers: 13
 Concurrent Workers: 3
 Concurrent Refinement Workers: 13
 Periodic GC: Disabled
Heap:
 garbage-first heap   total 397312K, used 185831K [0x0000000709400000, 0x0000000800000000)
  region size 2048K, 1 young (2048K), 1 survivors (2048K)
 Metaspace       used 5458K, committed 5632K, reserved 1056768K
  class space    used 676K, committed 768K, reserved 1048576K
GC Heap History (20 events):
Event: 1.274 GC heap after
{Heap after GC invocations=28 (full 0):
 garbage-first heap   total 253952K, used 146723K [0x0000000709400000, 0x0000000800000000)
  region size 2048K, 2 young (4096K), 2 survivors (4096K)
 Metaspace       used 5451K, committed 5632K, reserved 1056768K
  class space    used 676K, committed 768K, reserved 1048576K
}
Event: 1.286 GC heap before
{Heap before GC invocations=29 (full 0):
 garbage-first heap   total 253952K, used 148771K [0x0000000709400000, 0x0000000800000000)
  region size 2048K, 3 young (6144K), 2 survivors (4096K)
 Metaspace       used 5451K, committed 5632K, reserved 1056768K
  class space    used 676K, committed 768K, reserved 1048576K
}
Event: 1.291 GC heap after
{Heap after GC invocations=30 (full 0):
 garbage-first heap   total 253952K, used 148895K [0x0000000709400000, 0x0000000800000000)
  region size 2048K, 1 young (2048K), 1 survivors (2048K)
 Metaspace       used 5451K, committed 5632K, reserved 1056768K
  class space    used 676K, committed 768K, reserved 1048576K
}
Event: 1.306 GC heap before
{Heap before GC invocations=31 (full 0):
 garbage-first heap   total 256000K, used 150943K [0x0000000709400000, 0x0000000800000000)
  region size 2048K, 2 young (4096K), 1 survivors (2048K)
 Metaspace       used 5451K, committed 5632K, reserved 1056768K
  class space    used 676K, committed 768K, reserved 1048576K
}
Event: 1.309 GC heap after
{Heap after GC invocations=32 (full 0):
 garbage-first heap   total 256000K, used 150885K [0x0000000709400000, 0x0000000800000000)
  region size 2048K, 1 young (2048K), 1 survivors (2048K)
 Metaspace       used 5451K, committed 5632K, reserved 1056768K
  class space    used 676K, committed 768K, reserved 1048576K
}
Event: 1.331 GC heap before
{Heap before GC invocations=33 (full 0):
 garbage-first heap   total 264192K, used 154981K [0x0000000709400000, 0x0000000800000000)
  region size 2048K, 2 young (4096K), 1 survivors (2048K)
 Metaspace       used 5453K, committed 5632K, reserved 1056768K
  class space    used 676K, committed 768K, reserved 1048576K
}
Event: 1.332 GC heap after
{Heap after GC invocations=34 (full 0):
 garbage-first heap   total 264192K, used 154936K [0x0000000709400000, 0x0000000800000000)
  region size 2048K, 1 young (2048K), 1 survivors (2048K)
 Metaspace       used 5453K, committed 5632K, reserved 1056768K
  class space    used 676K, committed 768K, reserved 1048576K
}
Event: 1.345 GC heap before
{Heap before GC invocations=35 (full 0):
 garbage-first heap   total 266240K, used 156984K [0x0000000709400000, 0x0000000800000000)
  region size 2048K, 2 young (4096K), 1 survivors (2048K)
 Metaspace       used 5453K, committed 5632K, reserved 1056768K
  class space    used 676K, committed 768K, reserved 1048576K
}
Event: 1.346 GC heap after
{Heap after GC invocations=36 (full 0):
 garbage-first heap   total 266240K, used 157004K [0x0000000709400000, 0x0000000800000000)
  region size 2048K, 1 young (2048K), 1 survivors (2048K)
 Metaspace       used 5453K, committed 5632K, reserved 1056768K
  class space    used 676K, committed 768K, reserved 1048576K
}
Event: 1.357 GC heap before
{Heap before GC invocations=37 (full 0):
 garbage-first heap   total 270336K, used 159052K [0x0000000709400000, 0x0000000800000000)
  region size 2048K, 2 young (4096K), 1 survivors (2048K)
 Metaspace       used 5453K, committed 5632K, reserved 1056768K
  class space    used 676K, committed 768K, reserved 1048576K
}
Event: 1.360 GC heap after
{Heap after GC invocations=38 (full 0):
 garbage-first heap   total 397312K, used 159059K [0x0000000709400000, 0x0000000800000000)
  region size 2048K, 1 young (2048K), 1 survivors (2048K)
 Metaspace       used 5453K, committed 5632K, reserved 1056768K
  class space    used 676K, committed 768K, reserved 1048576K
}
Event: 1.441 GC heap before
{Heap before GC invocations=38 (full 0):
 garbage-first heap   total 397312K, used 175443K [0x0000000709400000, 0x0000000800000000)
  region size 2048K, 2 young (4096K), 1 survivors (2048K)
 Metaspace       used 5458K, committed 5632K, reserved 1056768K
  class space    used 676K, committed 768K, reserved 1048576K
}
Event: 1.442 GC heap after
{Heap after GC invocations=39 (full 0):
 garbage-first heap   total 397312K, used 175526K [0x0000000709400000, 0x0000000800000000)
  region size 2048K, 1 young (2048K), 1 survivors (2048K)
 Metaspace       used 5458K, committed 5632K, reserved 1056768K
  class space    used 676K, committed 768K, reserved 1048576K
}
Event: 1.459 GC heap before
{Heap before GC invocations=39 (full 0):
 garbage-first heap   total 397312K, used 179622K [0x0000000709400000, 0x0000000800000000)
  region size 2048K, 2 young (4096K), 1 survivors (2048K)
 Metaspace       used 5458K, committed 5632K, reserved 1056768K
  class space    used 676K, committed 768K, reserved 1048576K
}
Event: 1.460 GC heap after
{Heap after GC invocations=40 (full 0):
 garbage-first heap   total 397312K, used 179633K [0x0000000709400000, 0x0000000800000000)
  region size 2048K, 1 young (2048K), 1 survivors (2048K)
 Metaspace       used 5458K, committed 5632K, reserved 1056768K
  class space    used 676K, committed 768K, reserved 1048576K
}
Event: 1.470 GC heap before
{Heap before GC invocations=41 (full 0):
 garbage-first heap   total 397312K, used 181681K [0x0000000709400000, 0x0000000800000000)
  region size 2048K, 2 young (4096K), 1 survivors (2048K)
 Metaspace       used 5458K, committed 5632K, reserved 1056768K
  class space    used 676K, committed 768K, reserved 1048576K
}
Event: 1.471 GC heap after
{Heap after GC invocations=42 (full 0):
 garbage-first heap   total 397312K, used 181696K [0x0000000709400000, 0x0000000800000000)
  region size 2048K, 1 young (2048K), 1 survivors (2048K)
 Metaspace       used 5458K, committed 5632K, reserved 1056768K
  class space    used 676K, committed 768K, reserved 1048576K
}
Event: 1.481 GC heap before
{Heap before GC invocations=43 (full 0):
 garbage-first heap   total 397312K, used 183744K [0x0000000709400000, 0x0000000800000000)
  region size 2048K, 2 young (4096K), 1 survivors (2048K)
 Metaspace       used 5458K, committed 5632K, reserved 1056768K
  class space    used 676K, committed 768K, reserved 1048576K
}
Event: 1.481 GC heap after
{Heap after GC invocations=44 (full 0):
 garbage-first heap   total 397312K, used 183760K [0x0000000709400000, 0x0000000800000000)
  region size 2048K, 1 young (2048K), 1 survivors (2048K)
 Metaspace       used 5458K, committed 5632K, reserved 1056768K
  class space    used 676K, committed 768K, reserved 1048576K
}
Event: 1.491 GC heap before
{Heap before GC invocations=45 (full 0):
 garbage-first heap   total 397312K, used 185808K [0x0000000709400000, 0x0000000800000000)
  region size 2048K, 2 young (4096K), 1 survivors (2048K)
 Metaspace       used 5458K, committed 5632K, reserved 1056768K
  class space    used 676K, committed 768K, reserved 1048576K
}

