# JRE version: Java(TM) SE Runtime Environment (17.0.4+11) (build 17.0.4+11-LTS-179)
# Java VM: Java HotSpot(TM) 64-Bit Server VM (17.0.4+11-LTS-179, mixed mode, sharing, tiered, compressed oops, compressed class ptrs, g1 gc, windows-amd64)
GC Precious Log:
 CPUs: 16 total, 16 available
 Memory: 15789M
 Large Page Support: Disabled
 NUMA Support: Disabled
 Compressed Oops: Enabled (32-bit)
 Heap Region Size: 1M
 Heap Min Capacity: 256M
 Heap Initial Capacity: 256M
 Heap Max Capacity: 512M
 Pre-touch: Disabled
 Parallel Workers: 13
 Concurrent Workers: 3
 Concurrent Refinement Workers: 13
 Periodic GC: Disabled
Heap:
 garbage-first heap   total 262144K, used 80362K [0x00000000e0000000, 0x0000000100000000)
  region size 1024K, 40 young (40960K), 14 survivors (14336K)
 Metaspace       used 70868K, committed 71552K, reserved 380928K
  class space    used 9797K, committed 10112K, reserved 315392K
GC Heap History (20 events):
Event: 0.422 GC heap before
{Heap before GC invocations=0 (full 0):
 garbage-first heap   total 262144K, used 26624K [0x00000000e0000000, 0x0000000100000000)
  region size 1024K, 23 young (23552K), 0 survivors (0K)
 Metaspace       used 1814K, committed 1920K, reserved 323584K
  class space    used 174K, committed 192K, reserved 315392K
}
Event: 0.426 GC heap after
{Heap after GC invocations=1 (full 0):
 garbage-first heap   total 262144K, used 10309K [0x00000000e0000000, 0x0000000100000000)
  region size 1024K, 3 young (3072K), 3 survivors (3072K)
 Metaspace       used 1814K, committed 1920K, reserved 323584K
  class space    used 174K, committed 192K, reserved 315392K
}
Event: 2.055 GC heap before
{Heap before GC invocations=1 (full 0):
 garbage-first heap   total 262144K, used 38981K [0x00000000e0000000, 0x0000000100000000)
  region size 1024K, 31 young (31744K), 3 survivors (3072K)
 Metaspace       used 4351K, committed 4544K, reserved 323584K
  class space    used 535K, committed 640K, reserved 315392K
}
Event: 2.058 GC heap after
{Heap after GC invocations=2 (full 0):
 garbage-first heap   total 262144K, used 12088K [0x00000000e0000000, 0x0000000100000000)
  region size 1024K, 2 young (2048K), 2 survivors (2048K)
 Metaspace       used 4351K, committed 4544K, reserved 323584K
  class space    used 535K, committed 640K, reserved 315392K
}
Event: 8.497 GC heap before
{Heap before GC invocations=2 (full 0):
 garbage-first heap   total 262144K, used 142136K [0x00000000e0000000, 0x0000000100000000)
  region size 1024K, 127 young (130048K), 2 survivors (2048K)
 Metaspace       used 20596K, committed 20928K, reserved 339968K
  class space    used 2967K, committed 3136K, reserved 315392K
}
Event: 8.505 GC heap after
{Heap after GC invocations=3 (full 0):
 garbage-first heap   total 262144K, used 23674K [0x00000000e0000000, 0x0000000100000000)
  region size 1024K, 12 young (12288K), 12 survivors (12288K)
 Metaspace       used 20596K, committed 20928K, reserved 339968K
  class space    used 2967K, committed 3136K, reserved 315392K
}
Event: 8.570 GC heap before
{Heap before GC invocations=3 (full 0):
 garbage-first heap   total 262144K, used 27770K [0x00000000e0000000, 0x0000000100000000)
  region size 1024K, 17 young (17408K), 12 survivors (12288K)
 Metaspace       used 21165K, committed 21504K, reserved 339968K
  class space    used 3059K, committed 3264K, reserved 315392K
}
Event: 8.577 GC heap after
{Heap after GC invocations=4 (full 0):
 garbage-first heap   total 262144K, used 24870K [0x00000000e0000000, 0x0000000100000000)
  region size 1024K, 2 young (2048K), 2 survivors (2048K)
 Metaspace       used 21165K, committed 21504K, reserved 339968K
  class space    used 3059K, committed 3264K, reserved 315392K
}
Event: 10.220 GC heap before
{Heap before GC invocations=5 (full 0):
 garbage-first heap   total 262144K, used 141606K [0x00000000e0000000, 0x0000000100000000)
  region size 1024K, 118 young (120832K), 2 survivors (2048K)
 Metaspace       used 35553K, committed 35968K, reserved 348160K
  class space    used 5045K, committed 5248K, reserved 315392K
}
Event: 10.225 GC heap after
{Heap after GC invocations=6 (full 0):
 garbage-first heap   total 262144K, used 32178K [0x00000000e0000000, 0x0000000100000000)
  region size 1024K, 9 young (9216K), 9 survivors (9216K)
 Metaspace       used 35553K, committed 35968K, reserved 348160K
  class space    used 5045K, committed 5248K, reserved 315392K
}
Event: 10.246 GC heap before
{Heap before GC invocations=6 (full 0):
 garbage-first heap   total 262144K, used 33202K [0x00000000e0000000, 0x0000000100000000)
  region size 1024K, 11 young (11264K), 9 survivors (9216K)
 Metaspace       used 35846K, committed 36288K, reserved 348160K
  class space    used 5083K, committed 5312K, reserved 315392K
}
Event: 10.250 GC heap after
{Heap after GC invocations=7 (full 0):
 garbage-first heap   total 262144K, used 32584K [0x00000000e0000000, 0x0000000100000000)
  region size 1024K, 2 young (2048K), 2 survivors (2048K)
 Metaspace       used 35846K, committed 36288K, reserved 348160K
  class space    used 5083K, committed 5312K, reserved 315392K
}
Event: 10.277 GC heap before
{Heap before GC invocations=7 (full 0):
 garbage-first heap   total 262144K, used 34632K [0x00000000e0000000, 0x0000000100000000)
  region size 1024K, 5 young (5120K), 2 survivors (2048K)
 Metaspace       used 36136K, committed 36608K, reserved 348160K
  class space    used 5138K, committed 5376K, reserved 315392K
}
Event: 10.278 GC heap after
{Heap after GC invocations=8 (full 0):
 garbage-first heap   total 262144K, used 31716K [0x00000000e0000000, 0x0000000100000000)
  region size 1024K, 1 young (1024K), 1 survivors (1024K)
 Metaspace       used 36136K, committed 36608K, reserved 348160K
  class space    used 5138K, committed 5376K, reserved 315392K
}
Event: 13.136 GC heap before
{Heap before GC invocations=9 (full 0):
 garbage-first heap   total 262144K, used 193508K [0x00000000e0000000, 0x0000000100000000)
  region size 1024K, 153 young (156672K), 1 survivors (1024K)
 Metaspace       used 54949K, committed 55552K, reserved 364544K
  class space    used 7730K, committed 8000K, reserved 315392K
}
Event: 13.143 GC heap after
{Heap after GC invocations=10 (full 0):
 garbage-first heap   total 262144K, used 40909K [0x00000000e0000000, 0x0000000100000000)
  region size 1024K, 10 young (10240K), 10 survivors (10240K)
 Metaspace       used 54949K, committed 55552K, reserved 364544K
  class space    used 7730K, committed 8000K, reserved 315392K
}
Event: 14.230 GC heap before
{Heap before GC invocations=10 (full 0):
 garbage-first heap   total 262144K, used 102349K [0x00000000e0000000, 0x0000000100000000)
  region size 1024K, 72 young (73728K), 10 survivors (10240K)
 Metaspace       used 60719K, committed 61248K, reserved 372736K
  class space    used 8665K, committed 8896K, reserved 315392K
}
Event: 14.238 GC heap after
{Heap after GC invocations=11 (full 0):
 garbage-first heap   total 262144K, used 47421K [0x00000000e0000000, 0x0000000100000000)
  region size 1024K, 16 young (16384K), 16 survivors (16384K)
 Metaspace       used 60719K, committed 61248K, reserved 372736K
  class space    used 8665K, committed 8896K, reserved 315392K
}
Event: 764.163 GC heap before
{Heap before GC invocations=12 (full 0):
 garbage-first heap   total 262144K, used 186685K [0x00000000e0000000, 0x0000000100000000)
  region size 1024K, 153 young (156672K), 16 survivors (16384K)
 Metaspace       used 70821K, committed 71488K, reserved 380928K
  class space    used 9822K, committed 10112K, reserved 315392K
}
Event: 764.174 GC heap after
{Heap after GC invocations=13 (full 0):
 garbage-first heap   total 262144K, used 54762K [0x00000000e0000000, 0x0000000100000000)
  region size 1024K, 14 young (14336K), 14 survivors (14336K)
 Metaspace       used 70821K, committed 71488K, reserved 380928K
  class space    used 9822K, committed 10112K, reserved 315392K
}

